<?xml version="1.0" encoding="UTF-8"?>
<testsuite name="com.zuehlke.database.DatabasePluginTest" tests="1" skipped="0" failures="0" errors="0" timestamp="2018-05-31T11:39:10" hostname="DESKTOP-1KH9URN" time="0.002">
  <properties/>
  <testcase name="test1" classname="com.zuehlke.database.DatabasePluginTest" time="0.002"/>
  <system-out><![CDATA[]]></system-out>
  <system-err><![CDATA[]]></system-err>
</testsuite>
